<?xml version="1.0" encoding="UTF-8"?>
<testng-results ignored="0" total="7" passed="7" failed="0" skipped="0">
  <reporter-output>
  </reporter-output>
  <suite started-at="2023-04-03T21:12:34 IST" name="Default suite" finished-at="2023-04-03T21:13:16 IST" duration-ms="41545">
    <groups>
    </groups>
    <test started-at="2023-04-03T21:12:34 IST" name="Default test" finished-at="2023-04-03T21:13:16 IST" duration-ms="41545">
      <class name="com.exmpl.Navigationtest">
        <test-method is-config="true" signature="beforeMethod()[pri:0, instance:com.exmpl.Navigationtest@71238fc2]" started-at="2023-04-03T21:12:35 IST" name="beforeMethod" finished-at="2023-04-03T21:12:43 IST" duration-ms="8485" status="PASS">
          <reporter-output>
          </reporter-output>
        </test-method> <!-- beforeMethod -->
        <test-method signature="test_homepage_correct()[pri:1, instance:com.exmpl.Navigationtest@71238fc2]" started-at="2023-04-03T21:12:43 IST" name="test_homepage_correct" description="TC_001_login homepage correctly" finished-at="2023-04-03T21:12:44 IST" duration-ms="776" status="PASS">
          <reporter-output>
          </reporter-output>
        </test-method> <!-- test_homepage_correct -->
        <test-method is-config="true" signature="afterMethod()[pri:0, instance:com.exmpl.Navigationtest@71238fc2]" started-at="2023-04-03T21:12:44 IST" name="afterMethod" finished-at="2023-04-03T21:12:44 IST" duration-ms="267" status="PASS">
          <reporter-output>
          </reporter-output>
        </test-method> <!-- afterMethod -->
        <test-method is-config="true" signature="beforeMethod()[pri:0, instance:com.exmpl.Navigationtest@71238fc2]" started-at="2023-04-03T21:12:44 IST" name="beforeMethod" finished-at="2023-04-03T21:12:49 IST" duration-ms="4734" status="PASS">
          <reporter-output>
          </reporter-output>
        </test-method> <!-- beforeMethod -->
        <test-method signature="test_incorrectpwdlogin()[pri:2, instance:com.exmpl.Navigationtest@71238fc2]" started-at="2023-04-03T21:12:49 IST" name="test_incorrectpwdlogin" description="TC_002_Verify login page with incorrect pswd" finished-at="2023-04-03T21:12:51 IST" duration-ms="2107" status="PASS">
          <reporter-output>
          </reporter-output>
        </test-method> <!-- test_incorrectpwdlogin -->
        <test-method is-config="true" signature="afterMethod()[pri:0, instance:com.exmpl.Navigationtest@71238fc2]" started-at="2023-04-03T21:12:51 IST" name="afterMethod" finished-at="2023-04-03T21:12:51 IST" duration-ms="189" status="PASS">
          <reporter-output>
          </reporter-output>
        </test-method> <!-- afterMethod -->
        <test-method is-config="true" signature="beforeMethod()[pri:0, instance:com.exmpl.Navigationtest@71238fc2]" started-at="2023-04-03T21:12:51 IST" name="beforeMethod" finished-at="2023-04-03T21:12:55 IST" duration-ms="4081" status="PASS">
          <reporter-output>
          </reporter-output>
        </test-method> <!-- beforeMethod -->
        <test-method signature="test_incorrectidlogin()[pri:3, instance:com.exmpl.Navigationtest@71238fc2]" started-at="2023-04-03T21:12:55 IST" name="test_incorrectidlogin" description="TC_003_Verify login page with incorrect usernm" finished-at="2023-04-03T21:12:56 IST" duration-ms="1262" status="PASS">
          <reporter-output>
          </reporter-output>
        </test-method> <!-- test_incorrectidlogin -->
        <test-method is-config="true" signature="afterMethod()[pri:0, instance:com.exmpl.Navigationtest@71238fc2]" started-at="2023-04-03T21:12:56 IST" name="afterMethod" finished-at="2023-04-03T21:12:57 IST" duration-ms="196" status="PASS">
          <reporter-output>
          </reporter-output>
        </test-method> <!-- afterMethod -->
        <test-method is-config="true" signature="beforeMethod()[pri:0, instance:com.exmpl.Navigationtest@71238fc2]" started-at="2023-04-03T21:12:57 IST" name="beforeMethod" finished-at="2023-04-03T21:13:02 IST" duration-ms="4889" status="PASS">
          <reporter-output>
          </reporter-output>
        </test-method> <!-- beforeMethod -->
        <test-method signature="test_blankpwdlogin()[pri:4, instance:com.exmpl.Navigationtest@71238fc2]" started-at="2023-04-03T21:13:02 IST" name="test_blankpwdlogin" description="TC_004_Verify login page without pwd" finished-at="2023-04-03T21:13:02 IST" duration-ms="212" status="PASS">
          <reporter-output>
          </reporter-output>
        </test-method> <!-- test_blankpwdlogin -->
        <test-method is-config="true" signature="afterMethod()[pri:0, instance:com.exmpl.Navigationtest@71238fc2]" started-at="2023-04-03T21:13:02 IST" name="afterMethod" finished-at="2023-04-03T21:13:02 IST" duration-ms="310" status="PASS">
          <reporter-output>
          </reporter-output>
        </test-method> <!-- afterMethod -->
        <test-method is-config="true" signature="beforeMethod()[pri:0, instance:com.exmpl.Navigationtest@71238fc2]" started-at="2023-04-03T21:13:02 IST" name="beforeMethod" finished-at="2023-04-03T21:13:06 IST" duration-ms="4095" status="PASS">
          <reporter-output>
          </reporter-output>
        </test-method> <!-- beforeMethod -->
        <test-method signature="test_blankidlogin()[pri:5, instance:com.exmpl.Navigationtest@71238fc2]" started-at="2023-04-03T21:13:06 IST" name="test_blankidlogin" description="TC_005_Verify login page without usernm" finished-at="2023-04-03T21:13:06 IST" duration-ms="214" status="PASS">
          <reporter-output>
          </reporter-output>
        </test-method> <!-- test_blankidlogin -->
        <test-method is-config="true" signature="afterMethod()[pri:0, instance:com.exmpl.Navigationtest@71238fc2]" started-at="2023-04-03T21:13:06 IST" name="afterMethod" finished-at="2023-04-03T21:13:07 IST" duration-ms="168" status="PASS">
          <reporter-output>
          </reporter-output>
        </test-method> <!-- afterMethod -->
        <test-method is-config="true" signature="beforeMethod()[pri:0, instance:com.exmpl.Navigationtest@71238fc2]" started-at="2023-04-03T21:13:07 IST" name="beforeMethod" finished-at="2023-04-03T21:13:11 IST" duration-ms="4402" status="PASS">
          <reporter-output>
          </reporter-output>
        </test-method> <!-- beforeMethod -->
        <test-method signature="test_blankuserpwdlogin()[pri:6, instance:com.exmpl.Navigationtest@71238fc2]" started-at="2023-04-03T21:13:11 IST" name="test_blankuserpwdlogin" description="TC_006_Verify login page without pwd" finished-at="2023-04-03T21:13:11 IST" duration-ms="292" status="PASS">
          <reporter-output>
          </reporter-output>
        </test-method> <!-- test_blankuserpwdlogin -->
        <test-method is-config="true" signature="afterMethod()[pri:0, instance:com.exmpl.Navigationtest@71238fc2]" started-at="2023-04-03T21:13:11 IST" name="afterMethod" finished-at="2023-04-03T21:13:11 IST" duration-ms="200" status="PASS">
          <reporter-output>
          </reporter-output>
        </test-method> <!-- afterMethod -->
        <test-method is-config="true" signature="beforeMethod()[pri:0, instance:com.exmpl.Navigationtest@71238fc2]" started-at="2023-04-03T21:13:11 IST" name="beforeMethod" finished-at="2023-04-03T21:13:16 IST" duration-ms="4125" status="PASS">
          <reporter-output>
          </reporter-output>
        </test-method> <!-- beforeMethod -->
        <test-method signature="test_incorrectuserpswdlogin()[pri:7, instance:com.exmpl.Navigationtest@71238fc2]" started-at="2023-04-03T21:13:16 IST" name="test_incorrectuserpswdlogin" description="TC_007_Verify login page without usernm" finished-at="2023-04-03T21:13:16 IST" duration-ms="247" status="PASS">
          <reporter-output>
          </reporter-output>
        </test-method> <!-- test_incorrectuserpswdlogin -->
        <test-method is-config="true" signature="afterMethod()[pri:0, instance:com.exmpl.Navigationtest@71238fc2]" started-at="2023-04-03T21:13:16 IST" name="afterMethod" finished-at="2023-04-03T21:13:16 IST" duration-ms="230" status="PASS">
          <reporter-output>
          </reporter-output>
        </test-method> <!-- afterMethod -->
      </class> <!-- com.exmpl.Navigationtest -->
    </test> <!-- Default test -->
  </suite> <!-- Default suite -->
</testng-results>
