<?xml version="1.0" encoding="UTF-8"?>
<!-- Generated by org.testng.reporters.JUnitXMLReporter -->
<testsuite ignored="0" hostname="LAPTOP-7D4JOF4H" failures="0" tests="7" name="Default test" time="41.545" errors="0" timestamp="2023-04-03T21:13:16 IST">
  <testcase classname="com.exmpl.Navigationtest" name="test_homepage_correct" time="0.776"/>
  <testcase classname="com.exmpl.Navigationtest" name="test_incorrectpwdlogin" time="2.107"/>
  <testcase classname="com.exmpl.Navigationtest" name="test_incorrectidlogin" time="1.262"/>
  <testcase classname="com.exmpl.Navigationtest" name="test_blankpwdlogin" time="0.212"/>
  <testcase classname="com.exmpl.Navigationtest" name="test_blankidlogin" time="0.214"/>
  <testcase classname="com.exmpl.Navigationtest" name="test_blankuserpwdlogin" time="0.292"/>
  <testcase classname="com.exmpl.Navigationtest" name="test_incorrectuserpswdlogin" time="0.247"/>
</testsuite> <!-- Default test -->
